Arguments: 
  /Users/raindwu/.nvm/versions/node/v12.16.1/bin/node /usr/local/Cellar/yarn/1.19.1/libexec/bin/yarn.js add inpuirer

PATH: 
  /Library/Frameworks/Python.framework/Versions/3.7/bin:/usr/local/bin:/usr/bin:/bin:/usr/sbin:/sbin:/Library/Frameworks/Python.framework/Versions/3.7/bin:/Users/raindwu/.nvm/versions/node/v12.16.1/bin:/Library/Frameworks/Python.framework/Versions/3.7/bin/pip3:/Users/raindwu/Library/Android/sdk/tools:/Users/raindwu/Library/Android/sdk/tools/bin:/Users/raindwu/Library/Android/sdk/platform-tools:/Users/raindwu/Library/Android/sdk/emulator:/usr/local/bin/python3.7:/Library/Frameworks/Python.framework/Versions/3.7/bin/pip3:/Users/raindwu/Library/Android/sdk/tools:/Users/raindwu/Library/Android/sdk/tools/bin:/Users/raindwu/Library/Android/sdk/platform-tools:/Users/raindwu/Library/Android/sdk/emulator:/usr/local/bin/python3.7

Yarn version: 
  1.19.1

Node version: 
  12.16.1

Platform: 
  darwin x64

Trace: 
  Error: https://registry.npm.taobao.org/inpuirer: Not found
      at Request.params.callback [as _callback] (/usr/local/Cellar/yarn/1.19.1/libexec/lib/cli.js:66926:18)
      at Request.self.callback (/usr/local/Cellar/yarn/1.19.1/libexec/lib/cli.js:140564:22)
      at Request.emit (events.js:311:20)
      at Request.<anonymous> (/usr/local/Cellar/yarn/1.19.1/libexec/lib/cli.js:141536:10)
      at Request.emit (events.js:311:20)
      at IncomingMessage.<anonymous> (/usr/local/Cellar/yarn/1.19.1/libexec/lib/cli.js:141458:12)
      at Object.onceWrapper (events.js:417:28)
      at IncomingMessage.emit (events.js:323:22)
      at endReadableNT (_stream_readable.js:1204:12)
      at processTicksAndRejections (internal/process/task_queues.js:84:21)

npm manifest: 
  {
    "name": "rain-cli",
    "version": "1.0.0",
    "main": "index.js",
    "repository": "git@github.com:raind33/rain-cli.git",
    "author": "wuyl <2331336537@qq.com>",
    "license": "MIT",
    "bin": "cli.js"
  }

yarn manifest: 
  No manifest

Lockfile: 
  No lockfile
